<?xml version="1.0" encoding="UTF-8"?>
<!-- Generated by org.testng.reporters.JUnitReportReporter -->
<testsuite skipped="0" hostname="USBLRRYALLURMB" name="tests.BaseTest" tests="6" failures="0" timestamp="08 Feb 2019 11:34:11 GMT" time="6.992" errors="0">
  <testcase name="testPageLanguage" time="0.020" classname="tests.BaseTest"/>
  <testcase name="testSearchTeaser1" time="2.715" classname="tests.BaseTest"/>
  <testcase name="testSearchTeaser2" time="1.551" classname="tests.BaseTest"/>
  <testcase name="testSearchTeaser2" time="0.863" classname="tests.BaseTest"/>
  <testcase name="testPageLanguage" time="0.137" classname="tests.BaseTest"/>
  <testcase name="testSearchTeaser1" time="1.706" classname="tests.BaseTest"/>
</testsuite> <!-- tests.BaseTest -->
