<?xml version="1.0" encoding="UTF-8"?>
<!-- Generated by org.testng.reporters.JUnitReportReporter -->
<testsuite skipped="0" hostname="USBLRRYALLURMB" name="tests.Login" tests="4" failures="0" timestamp="08 Feb 2019 12:56:27 GMT" time="147.881" errors="0">
  <testcase name="testPageLanguage" time="0.271" classname="tests.Login"/>
  <testcase name="testRegisterWindow" time="3.342" classname="tests.Login"/>
  <testcase name="testRegistrationForm" time="144.111" classname="tests.Login"/>
  <testcase name="testLogout" time="0.157" classname="tests.Login"/>
</testsuite> <!-- tests.Login -->
