<?xml version="1.0" encoding="UTF-8"?>
<!-- Generated by org.testng.reporters.JUnitReportReporter -->
<testsuite skipped="0" hostname="USBLRRYALLURMB" name="tests.Teaser" tests="6" failures="0" timestamp="08 Feb 2019 11:54:35 GMT" time="5.719" errors="0">
  <testcase name="testSearchTeaser2" time="1.350" classname="tests.Teaser"/>
  <testcase name="testSearchTeaser1" time="1.425" classname="tests.Teaser"/>
  <testcase name="testSearchTeaser1" time="1.945" classname="tests.Teaser"/>
  <testcase name="testSearchTeaser2" time="0.939" classname="tests.Teaser"/>
  <testcase name="testPageLanguage" time="0.035" classname="tests.Teaser"/>
  <testcase name="testPageLanguage" time="0.025" classname="tests.Teaser"/>
</testsuite> <!-- tests.Teaser -->
