<?xml version="1.0" encoding="UTF-8"?>
<!-- Generated by org.testng.reporters.JUnitReportReporter -->
<testsuite skipped="0" hostname="USBLRRYALLURMB" name="tests.SearchTeaser" tests="2" failures="0" timestamp="06 Feb 2019 18:41:51 GMT" time="17.287" errors="0">
  <testcase name="login1" time="8.363" classname="tests.SearchTeaser"/>
  <testcase name="login" time="8.924" classname="tests.SearchTeaser"/>
</testsuite> <!-- tests.SearchTeaser -->
