<?xml version="1.0" encoding="UTF-8"?>
<!-- Generated by org.testng.reporters.JUnitReportReporter -->
<testsuite skipped="0" hostname="USBLRRYALLURMB" name="tests.Teaser" tests="6" failures="0" timestamp="08 Feb 2019 12:59:34 GMT" time="7.939" errors="0">
  <testcase name="testSearchTeaser2" time="2.132" classname="tests.Teaser"/>
  <testcase name="testSearchTeaser2" time="1.506" classname="tests.Teaser"/>
  <testcase name="testPageLanguage" time="0.033" classname="tests.Teaser"/>
  <testcase name="testSearchTeaser1" time="2.040" classname="tests.Teaser"/>
  <testcase name="testPageLanguage" time="0.377" classname="tests.Teaser"/>
  <testcase name="testSearchTeaser1" time="1.851" classname="tests.Teaser"/>
</testsuite> <!-- tests.Teaser -->
