<?xml version="1.0" encoding="UTF-8"?>
<!-- Generated by org.testng.reporters.JUnitReportReporter -->
<testsuite skipped="0" hostname="USBLRRYALLURMB" name="tests.Login" tests="8" failures="0" timestamp="08 Feb 2019 12:59:34 GMT" time="296.380" errors="0">
  <testcase name="testPageLanguage" time="0.227" classname="tests.Login"/>
  <testcase name="testPageLanguage" time="0.338" classname="tests.Login"/>
  <testcase name="testRegisterWindow" time="3.412" classname="tests.Login"/>
  <testcase name="testRegisterWindow" time="3.529" classname="tests.Login"/>
  <testcase name="testRegistrationForm" time="145.182" classname="tests.Login"/>
  <testcase name="testRegistrationForm" time="143.303" classname="tests.Login"/>
  <testcase name="testLogout" time="0.290" classname="tests.Login"/>
  <testcase name="testLogout" time="0.099" classname="tests.Login"/>
</testsuite> <!-- tests.Login -->
